Arguments: 
  /Users/spencerng94/.nvm/versions/node/v10.15.3/bin/node /usr/local/Cellar/yarn/1.22.4/libexec/bin/yarn.js add --dev jest babel-jest @babel/preset-env @babel/preset-react react-test-rendere

PATH: 
  /Users/spencerng94/.nvm/versions/node/v10.15.3/bin:/Users/spencerng94/.rbenv/shims:/Library/Frameworks/Python.framework/Versions/3.6/bin:/usr/local/bin:/usr/bin:/bin:/usr/sbin:/sbin:/opt/X11/bin:/Users/spencerng94/.nvm/versions/node/v10.15.3/bin:/Users/spencerng94/anaconda3/bin:/Users/spencerng94/anaconda3/condabin:/Users/spencerng94/.rbenv/shims:/Library/Frameworks/Python.framework/Versions/3.6/bin

Yarn version: 
  1.22.4

Node version: 
  10.15.3

Platform: 
  darwin x64

Trace: 
  Error: https://registry.yarnpkg.com/react-test-rendere: Not found
      at Request.params.callback [as _callback] (/usr/local/Cellar/yarn/1.22.4/libexec/lib/cli.js:66987:18)
      at Request.self.callback (/usr/local/Cellar/yarn/1.22.4/libexec/lib/cli.js:140748:22)
      at Request.emit (events.js:189:13)
      at Request.<anonymous> (/usr/local/Cellar/yarn/1.22.4/libexec/lib/cli.js:141720:10)
      at Request.emit (events.js:189:13)
      at IncomingMessage.<anonymous> (/usr/local/Cellar/yarn/1.22.4/libexec/lib/cli.js:141642:12)
      at Object.onceWrapper (events.js:277:13)
      at IncomingMessage.emit (events.js:194:15)
      at endReadableNT (_stream_readable.js:1125:12)
      at process._tickCallback (internal/process/next_tick.js:63:19)

npm manifest: 
  {
    "name": "",
    "version": "",
    "description": "",
    "author": "",
    "license": "",
    "engines": {
      "node": ">=6.13.0"
    },
    "scripts": {
      "start": "nodemon server/index.js",
      "dev:react": "webpack -d --watch",
      "db:setup": "node database/seed.js",
      "test": "jest"
    },
    "dependencies": {
      "async": "^3.2.0",
      "babel-core": "^6.23.1",
      "babel-loader": "^6.3.2",
      "babel-preset-es2015": "^6.22.0",
      "babel-preset-react": "^6.23.0",
      "circleci": "^0.3.3",
      "faker": "^4.1.0",
      "nodemon": "^2.0.4",
      "webpack": "^2.2.1",
      "yarn": "^1.22.4"
    },
    "devDependencies": {
      "axios": "^0.19.2",
      "body-parser": "^1.17.2",
      "bootstrap": "^3.4.1",
      "chai": "^4.2.0",
      "eslint": "^6.8.0",
      "eslint-config-airbnb": "^18.1.0",
      "eslint-config-hackreactor": "git://github.com/reactorcore/eslint-config-hackreactor",
      "eslint-plugin-import": "^2.21.2",
      "eslint-plugin-jsx-a11y": "^6.2.3",
      "eslint-plugin-react": "^7.20.0",
      "eslint-plugin-react-hooks": "^2.5.1",
      "express": "^4.15.4",
      "jest": "^26.0.1",
      "jquery": "^3.5.1",
      "mocha": "^8.0.1",
      "moment": "^2.19.2",
      "mongoose": "^4.11.6",
      "react": "^15.6.1",
      "react-dom": "^15.6.1",
      "sinon": "^9.0.2",
      "underscore": "^1.8.3"
    }
  }

yarn manifest: 
  No manifest

Lockfile: 
  No lockfile
